<?xml version="1.0" encoding="UTF-8"?>
<coverage generated="1500071205588" clover="3.2.0">
  <project timestamp="1500071205588" name="All files">
    <metrics statements="4" coveredstatements="3" conditionals="0" coveredconditionals="0" methods="3" coveredmethods="2" elements="7" coveredelements="5" complexity="0" loc="4" ncloc="4" packages="1" files="2" classes="2">
      <file name="substract.js" path="C:\EPAM\techtalks\jest-setup\substract.js">
        <metrics statements="1" coveredstatements="0" conditionals="0" coveredconditionals="0" methods="1" coveredmethods="0"/>
        <line num="2" count="0" type="stmt"/>
      </file>
      <file name="sum.js" path="C:\EPAM\techtalks\jest-setup\sum.js">
        <metrics statements="3" coveredstatements="3" conditionals="0" coveredconditionals="0" methods="2" coveredmethods="2"/>
        <line num="2" count="3" type="stmt"/>
        <line num="4" count="4" type="stmt"/>
        <line num="7" count="1" type="stmt"/>
      </file>
    </metrics>
  </project>
</coverage>
