{"C:\\EPAM\\techtalks\\jest-setup\\substract.js": {"path":"C:\\EPAM\\techtalks\\jest-setup\\substract.js","statementMap":{"0":{"start":{"line":2,"column":2},"end":{"line":2,"column":15}}},"fnMap":{"0":{"name":"substract","decl":{"start":{"line":1,"column":9},"end":{"line":1,"column":18}},"loc":{"start":{"line":1,"column":25},"end":{"line":3,"column":1}},"line":1}},"branchMap":{},"s":{"0":0},"f":{"0":0},"b":{}}
,"C:\\EPAM\\techtalks\\jest-setup\\sum.js": {"path":"C:\\EPAM\\techtalks\\jest-setup\\sum.js","statementMap":{"0":{"start":{"line":2,"column":2},"end":{"line":4,"column":37}},"1":{"start":{"line":4,"column":6},"end":{"line":4,"column":33}},"2":{"start":{"line":7,"column":0},"end":{"line":7,"column":20}}},"fnMap":{"0":{"name":"sum","decl":{"start":{"line":1,"column":9},"end":{"line":1,"column":12}},"loc":{"start":{"line":1,"column":25},"end":{"line":5,"column":1}},"line":1},"1":{"name":"(anonymous_1)","decl":{"start":{"line":3,"column":4},"end":{"line":3,"column":5}},"loc":{"start":{"line":4,"column":6},"end":{"line":4,"column":33}},"line":4}},"branchMap":{},"s":{"0":3,"1":4,"2":1},"f":{"0":3,"1":4},"b":{},"_coverageSchema":"332fd63041d2c1bcb487cc26dd0d5f7d97098a6c","hash":"b84a45107abd102dbdc209a97fab0e262ff797ef"}
}
